  main.cpp
D:\dev\SFML Games\01 Basics\src\main.cpp(14,67): warning C4244: 'argument': conversion from 'T' to 'float', possible loss of data
          with
          [
              T=unsigned int
          ]
D:\dev\SFML Games\01 Basics\src\main.cpp(14,43): warning C4244: 'argument': conversion from 'T' to 'float', possible loss of data
          with
          [
              T=unsigned int
          ]
D:\dev\SFML Games\01 Basics\src\main.cpp(22,40): warning C4244: 'argument': conversion from 'T' to 'float', possible loss of data
          with
          [
              T=unsigned int
          ]
D:\dev\SFML Games\01 Basics\src\main.cpp(22,28): warning C4244: 'argument': conversion from 'T' to 'float', possible loss of data
          with
          [
              T=unsigned int
          ]
  Generating code
  1 of 77 functions ( 1.3%) were compiled, the rest were copied from previous compilation.
    0 functions were new in current compilation
    0 functions had inline decision re-evaluated but remain unchanged
  Finished generating code
  01 Basics.vcxproj -> D:\dev\SFML Games\bin\01 Basics\x64\Release\01 Basics.exe
